<?xml version="1.0" encoding="UTF-8"?>
<!-- Generated by org.testng.reporters.JUnitReportReporter -->
<testsuite hostname="LAPTOP-8TP6OQIJ" failures="0" tests="1" name="TestCases.VerifySignup" time="10.488" errors="0" timestamp="2023-05-06T20:07:31 IST" skipped="0">
  <testcase classname="TestCases.VerifySignup" name="signup" time="10.488"/>
  <system-out/>
</testsuite> <!-- TestCases.VerifySignup -->
